[0m[[0minfo[0m] [0mSet current project to src (in build file:/home/marcel/Diploma/RiscV/Work/md_risc/src/)[0m
[0m[[0minfo[0m] [0mCompiling 1 Scala source to /home/marcel/Diploma/RiscV/Work/md_risc/src/target/scala-2.11/classes...[0m
[0m[[33mwarn[0m] [0mthere were 171 feature warnings; re-run with -feature for details[0m
[0m[[33mwarn[0m] [0mone warning found[0m
[0m[[0minfo[0m] [0mRunning MDRisc.mainRisc Core c[0m
CPP elaborate
[[35minfo[0m] [0.375] // COMPILING < (class MDRisc.Core)>(11)
[[35minfo[0m] [0.486] giving names
[[35minfo[0m] [0.590] executing custom transforms
[[35minfo[0m] [0.591] convert masked writes of inline mems
[[35minfo[0m] [0.628] adding clocks and resets
[[35minfo[0m] [0.681] inferring widths
[[35minfo[0m] [0.785] checking widths
[[35minfo[0m] [0.807] lowering complex nodes to primitives
[[35minfo[0m] [0.807] removing type nodes
[[35minfo[0m] [0.833] compiling 876 nodes
[[35minfo[0m] [0.833] computing memory ports
[[35minfo[0m] [0.866] resolving nodes to the components
[[35minfo[0m] [1.092] creating clock domains
[[35minfo[0m] [1.105] pruning unconnected IOs
[[35minfo[0m] [1.112] checking for combinational loops
[[35minfo[0m] [1.133] NO COMBINATIONAL LOOP FOUND
[[35minfo[0m] [1.253] populating clock domains
CppBackend::elaborate: need 1, redundant 3 shadow registers
[[35minfo[0m] [1.375] generating cpp files
CppBackend: createCppFile Core.cpp
[[35minfo[0m] [2.283] g++ -c -o ../emulator/Core-emulator.o  -I../ -I/csrc/  ../emulator/Core-emulator.cpp RET 0
[[35minfo[0m] [3.350] g++ -c -o ../emulator/Core.o  -I../ -I/csrc/  ../emulator/Core.cpp RET 0
[[35minfo[0m] [3.444] g++   -o ../emulator/Core ../emulator/Core.o ../emulator/Core-emulator.o RET 0
sim start on marcel-X55VD at Sun Sep 11 01:20:53 2016
inChannelName: 00003624.in
outChannelName: 00003624.out
cmdChannelName: 00003624.cmd
SEED 1473546049494
STARTING ../emulator/Core 
  POKE Core.InstructionMem.mem[0] <- 0x4abcd137
  POKE Core.InstructionMem.mem[1] <- 0x23cbd1b7
  POKE Core.InstructionMem.mem[2] <- 0x202123
  POKE Core.InstructionMem.mem[3] <- 0x302223
imm_val:   4 rs: 0 func:2 rd:10 opcode:       3 
  POKE Core.InstructionMem.mem[4] <- 0x402503
  POKE Core.InstructionMem.mem[5] <- 0x13
  POKE Core.InstructionMem.mem[6] <- 0x13
  POKE Core.InstructionMem.mem[7] <- 0x13
  POKE Core.InstructionMem.mem[8] <- 0x13
  PEEK Core.MuxPC.io_pc_sel <- 0x0
  PEEK Core.fetch_pc_reg <- 0x0
  PEEK Core.exec_pc_reg <- 0x0
  PEEK Core.exec_pc4_reg <- 0x0
  PEEK Core.exec_instr_reg <- 0x4033
  PEEK Core.Decoder.io_ctl_val_inst <- 0x1
  PEEK Core.RegFile.io_rf_ra1 <- 0x0
  PEEK Core.RegFile.io_rf_ra2 <- 0x0
  PEEK Core.Decoder.io_ctl_alu_func <- 0x5
  PEEK Core.Decoder.io_ctl_wb_sel <- 0x0
  PEEK Core.Alu.io_out <- 0x0
  PEEK Core.MuxWB.io_wb_alu <- 0x0
  PEEK Core.RegFile.io_rf_wa <- 0x0
  PEEK Core.RegFile.io_rf_wen <- 0x1
  PEEK Core.RegFile.io_rf_wd <- 0x0
  PEEK Core.DataMem.io_addr <- 0x0
  PEEK Core.DataMem.io_wr_data <- 0x0
  PEEK Core.DataMem.io_mem_en <- 0x0
  PEEK Core.DataMem.io_mem_func <- 0x0
STEP 1 -> 1
  PEEK Core.RegFile.rf_reg_file[0] -> 0x0
  PEEK Core.RegFile.rf_reg_file[1] -> 0x0
  PEEK Core.RegFile.rf_reg_file[2] -> 0x0
  PEEK Core.RegFile.rf_reg_file[3] -> 0x0
  PEEK Core.RegFile.rf_reg_file[4] -> 0x0
  PEEK Core.RegFile.rf_reg_file[5] -> 0x0
  PEEK Core.RegFile.rf_reg_file[6] -> 0x0
  PEEK Core.RegFile.rf_reg_file[7] -> 0x0
  PEEK Core.RegFile.rf_reg_file[8] -> 0x0
  PEEK Core.RegFile.rf_reg_file[9] -> 0x0
  PEEK Core.RegFile.rf_reg_file[10] -> 0x0
  PEEK Core.RegFile.rf_reg_file[11] -> 0x0
  PEEK Core.RegFile.rf_reg_file[12] -> 0x0
  PEEK Core.RegFile.rf_reg_file[13] -> 0x0
  PEEK Core.RegFile.rf_reg_file[14] -> 0x0
  PEEK Core.RegFile.rf_reg_file[15] -> 0x0
  PEEK Core.RegFile.rf_reg_file[16] -> 0x0
  PEEK Core.RegFile.rf_reg_file[17] -> 0x0
  PEEK Core.RegFile.rf_reg_file[18] -> 0x0
  PEEK Core.RegFile.rf_reg_file[19] -> 0x0
  PEEK Core.RegFile.rf_reg_file[20] -> 0x0
  PEEK Core.RegFile.rf_reg_file[21] -> 0x0
  PEEK Core.RegFile.rf_reg_file[22] -> 0x0
  PEEK Core.RegFile.rf_reg_file[23] -> 0x0
  PEEK Core.RegFile.rf_reg_file[24] -> 0x0
  PEEK Core.RegFile.rf_reg_file[25] -> 0x0
  PEEK Core.RegFile.rf_reg_file[26] -> 0x0
  PEEK Core.RegFile.rf_reg_file[27] -> 0x0
  PEEK Core.RegFile.rf_reg_file[28] -> 0x0
  PEEK Core.RegFile.rf_reg_file[29] -> 0x0
  PEEK Core.RegFile.rf_reg_file[30] -> 0x0
  PEEK Core.RegFile.rf_reg_file[31] -> 0x0
  PEEK Core.MuxPC.io_pc_sel <- 0x0
  PEEK Core.fetch_pc_reg <- 0x1
  PEEK Core.exec_pc_reg <- 0x0
  PEEK Core.exec_pc4_reg <- 0x1
  PEEK Core.exec_instr_reg <- 0x4abcd137
  PEEK Core.Decoder.io_ctl_val_inst <- 0x1
  PEEK Core.RegFile.io_rf_ra1 <- 0x19
  PEEK Core.RegFile.io_rf_ra2 <- 0xb
  PEEK Core.Decoder.io_ctl_alu_func <- 0xf
  PEEK Core.Decoder.io_ctl_wb_sel <- 0x0
  PEEK Core.Alu.io_out <- 0x4abcd000
  PEEK Core.MuxWB.io_wb_alu <- 0x4abcd000
  PEEK Core.RegFile.io_rf_wa <- 0x2
  PEEK Core.RegFile.io_rf_wen <- 0x1
  PEEK Core.RegFile.io_rf_wd <- 0x4abcd000
  PEEK Core.DataMem.io_addr <- 0x0
  PEEK Core.DataMem.io_wr_data <- 0x0
  PEEK Core.DataMem.io_mem_en <- 0x0
  PEEK Core.DataMem.io_mem_func <- 0x0
STEP 1 -> 2
  PEEK Core.RegFile.rf_reg_file[0] -> 0x0
  PEEK Core.RegFile.rf_reg_file[1] -> 0x0
  PEEK Core.RegFile.rf_reg_file[2] -> 0x4abcd000
  PEEK Core.RegFile.rf_reg_file[3] -> 0x0
  PEEK Core.RegFile.rf_reg_file[4] -> 0x0
  PEEK Core.RegFile.rf_reg_file[5] -> 0x0
  PEEK Core.RegFile.rf_reg_file[6] -> 0x0
  PEEK Core.RegFile.rf_reg_file[7] -> 0x0
  PEEK Core.RegFile.rf_reg_file[8] -> 0x0
  PEEK Core.RegFile.rf_reg_file[9] -> 0x0
  PEEK Core.RegFile.rf_reg_file[10] -> 0x0
  PEEK Core.RegFile.rf_reg_file[11] -> 0x0
  PEEK Core.RegFile.rf_reg_file[12] -> 0x0
  PEEK Core.RegFile.rf_reg_file[13] -> 0x0
  PEEK Core.RegFile.rf_reg_file[14] -> 0x0
  PEEK Core.RegFile.rf_reg_file[15] -> 0x0
  PEEK Core.RegFile.rf_reg_file[16] -> 0x0
  PEEK Core.RegFile.rf_reg_file[17] -> 0x0
  PEEK Core.RegFile.rf_reg_file[18] -> 0x0
  PEEK Core.RegFile.rf_reg_file[19] -> 0x0
  PEEK Core.RegFile.rf_reg_file[20] -> 0x0
  PEEK Core.RegFile.rf_reg_file[21] -> 0x0
  PEEK Core.RegFile.rf_reg_file[22] -> 0x0
  PEEK Core.RegFile.rf_reg_file[23] -> 0x0
  PEEK Core.RegFile.rf_reg_file[24] -> 0x0
  PEEK Core.RegFile.rf_reg_file[25] -> 0x0
  PEEK Core.RegFile.rf_reg_file[26] -> 0x0
  PEEK Core.RegFile.rf_reg_file[27] -> 0x0
  PEEK Core.RegFile.rf_reg_file[28] -> 0x0
  PEEK Core.RegFile.rf_reg_file[29] -> 0x0
  PEEK Core.RegFile.rf_reg_file[30] -> 0x0
  PEEK Core.RegFile.rf_reg_file[31] -> 0x0
  PEEK Core.MuxPC.io_pc_sel <- 0x0
  PEEK Core.fetch_pc_reg <- 0x2
  PEEK Core.exec_pc_reg <- 0x1
  PEEK Core.exec_pc4_reg <- 0x2
  PEEK Core.exec_instr_reg <- 0x23cbd1b7
  PEEK Core.Decoder.io_ctl_val_inst <- 0x1
  PEEK Core.RegFile.io_rf_ra1 <- 0x17
  PEEK Core.RegFile.io_rf_ra2 <- 0x1c
  PEEK Core.Decoder.io_ctl_alu_func <- 0xf
  PEEK Core.Decoder.io_ctl_wb_sel <- 0x0
  PEEK Core.Alu.io_out <- 0x23cbd000
  PEEK Core.MuxWB.io_wb_alu <- 0x23cbd000
  PEEK Core.RegFile.io_rf_wa <- 0x3
  PEEK Core.RegFile.io_rf_wen <- 0x1
  PEEK Core.RegFile.io_rf_wd <- 0x23cbd000
  PEEK Core.DataMem.io_addr <- 0x0
  PEEK Core.DataMem.io_wr_data <- 0x0
  PEEK Core.DataMem.io_mem_en <- 0x0
  PEEK Core.DataMem.io_mem_func <- 0x0
STEP 1 -> 3
  PEEK Core.RegFile.rf_reg_file[0] -> 0x0
  PEEK Core.RegFile.rf_reg_file[1] -> 0x0
  PEEK Core.RegFile.rf_reg_file[2] -> 0x4abcd000
  PEEK Core.RegFile.rf_reg_file[3] -> 0x23cbd000
  PEEK Core.RegFile.rf_reg_file[4] -> 0x0
  PEEK Core.RegFile.rf_reg_file[5] -> 0x0
  PEEK Core.RegFile.rf_reg_file[6] -> 0x0
  PEEK Core.RegFile.rf_reg_file[7] -> 0x0
  PEEK Core.RegFile.rf_reg_file[8] -> 0x0
  PEEK Core.RegFile.rf_reg_file[9] -> 0x0
  PEEK Core.RegFile.rf_reg_file[10] -> 0x0
  PEEK Core.RegFile.rf_reg_file[11] -> 0x0
  PEEK Core.RegFile.rf_reg_file[12] -> 0x0
  PEEK Core.RegFile.rf_reg_file[13] -> 0x0
  PEEK Core.RegFile.rf_reg_file[14] -> 0x0
  PEEK Core.RegFile.rf_reg_file[15] -> 0x0
  PEEK Core.RegFile.rf_reg_file[16] -> 0x0
  PEEK Core.RegFile.rf_reg_file[17] -> 0x0
  PEEK Core.RegFile.rf_reg_file[18] -> 0x0
  PEEK Core.RegFile.rf_reg_file[19] -> 0x0
  PEEK Core.RegFile.rf_reg_file[20] -> 0x0
  PEEK Core.RegFile.rf_reg_file[21] -> 0x0
  PEEK Core.RegFile.rf_reg_file[22] -> 0x0
  PEEK Core.RegFile.rf_reg_file[23] -> 0x0
  PEEK Core.RegFile.rf_reg_file[24] -> 0x0
  PEEK Core.RegFile.rf_reg_file[25] -> 0x0
  PEEK Core.RegFile.rf_reg_file[26] -> 0x0
  PEEK Core.RegFile.rf_reg_file[27] -> 0x0
  PEEK Core.RegFile.rf_reg_file[28] -> 0x0
  PEEK Core.RegFile.rf_reg_file[29] -> 0x0
  PEEK Core.RegFile.rf_reg_file[30] -> 0x0
  PEEK Core.RegFile.rf_reg_file[31] -> 0x0
  PEEK Core.MuxPC.io_pc_sel <- 0x0
  PEEK Core.fetch_pc_reg <- 0x3
  PEEK Core.exec_pc_reg <- 0x2
  PEEK Core.exec_pc4_reg <- 0x3
  PEEK Core.exec_instr_reg <- 0x202123
  PEEK Core.Decoder.io_ctl_val_inst <- 0x1
  PEEK Core.RegFile.io_rf_ra1 <- 0x0
  PEEK Core.RegFile.io_rf_ra2 <- 0x2
  PEEK Core.Decoder.io_ctl_alu_func <- 0x1
  PEEK Core.Decoder.io_ctl_wb_sel <- 0x0
  PEEK Core.Alu.io_out <- 0x2
  PEEK Core.MuxWB.io_wb_alu <- 0x2
  PEEK Core.RegFile.io_rf_wa <- 0x2
  PEEK Core.RegFile.io_rf_wen <- 0x0
  PEEK Core.RegFile.io_rf_wd <- 0x2
  PEEK Core.DataMem.io_addr <- 0x2
  PEEK Core.DataMem.io_wr_data <- 0x4abcd000
  PEEK Core.DataMem.io_mem_en <- 0x1
  PEEK Core.DataMem.io_mem_func <- 0x1
STEP 1 -> 4
  PEEK Core.RegFile.rf_reg_file[0] -> 0x0
  PEEK Core.RegFile.rf_reg_file[1] -> 0x0
  PEEK Core.RegFile.rf_reg_file[2] -> 0x4abcd000
  PEEK Core.RegFile.rf_reg_file[3] -> 0x23cbd000
  PEEK Core.RegFile.rf_reg_file[4] -> 0x0
  PEEK Core.RegFile.rf_reg_file[5] -> 0x0
  PEEK Core.RegFile.rf_reg_file[6] -> 0x0
  PEEK Core.RegFile.rf_reg_file[7] -> 0x0
  PEEK Core.RegFile.rf_reg_file[8] -> 0x0
  PEEK Core.RegFile.rf_reg_file[9] -> 0x0
  PEEK Core.RegFile.rf_reg_file[10] -> 0x0
  PEEK Core.RegFile.rf_reg_file[11] -> 0x0
  PEEK Core.RegFile.rf_reg_file[12] -> 0x0
  PEEK Core.RegFile.rf_reg_file[13] -> 0x0
  PEEK Core.RegFile.rf_reg_file[14] -> 0x0
  PEEK Core.RegFile.rf_reg_file[15] -> 0x0
  PEEK Core.RegFile.rf_reg_file[16] -> 0x0
  PEEK Core.RegFile.rf_reg_file[17] -> 0x0
  PEEK Core.RegFile.rf_reg_file[18] -> 0x0
  PEEK Core.RegFile.rf_reg_file[19] -> 0x0
  PEEK Core.RegFile.rf_reg_file[20] -> 0x0
  PEEK Core.RegFile.rf_reg_file[21] -> 0x0
  PEEK Core.RegFile.rf_reg_file[22] -> 0x0
  PEEK Core.RegFile.rf_reg_file[23] -> 0x0
  PEEK Core.RegFile.rf_reg_file[24] -> 0x0
  PEEK Core.RegFile.rf_reg_file[25] -> 0x0
  PEEK Core.RegFile.rf_reg_file[26] -> 0x0
  PEEK Core.RegFile.rf_reg_file[27] -> 0x0
  PEEK Core.RegFile.rf_reg_file[28] -> 0x0
  PEEK Core.RegFile.rf_reg_file[29] -> 0x0
  PEEK Core.RegFile.rf_reg_file[30] -> 0x0
  PEEK Core.RegFile.rf_reg_file[31] -> 0x0
  PEEK Core.MuxPC.io_pc_sel <- 0x0
  PEEK Core.fetch_pc_reg <- 0x4
  PEEK Core.exec_pc_reg <- 0x3
  PEEK Core.exec_pc4_reg <- 0x4
  PEEK Core.exec_instr_reg <- 0x302223
  PEEK Core.Decoder.io_ctl_val_inst <- 0x1
  PEEK Core.RegFile.io_rf_ra1 <- 0x0
  PEEK Core.RegFile.io_rf_ra2 <- 0x3
  PEEK Core.Decoder.io_ctl_alu_func <- 0x1
  PEEK Core.Decoder.io_ctl_wb_sel <- 0x0
  PEEK Core.Alu.io_out <- 0x4
  PEEK Core.MuxWB.io_wb_alu <- 0x4
  PEEK Core.RegFile.io_rf_wa <- 0x4
  PEEK Core.RegFile.io_rf_wen <- 0x0
  PEEK Core.RegFile.io_rf_wd <- 0x4
  PEEK Core.DataMem.io_addr <- 0x4
  PEEK Core.DataMem.io_wr_data <- 0x23cbd000
  PEEK Core.DataMem.io_mem_en <- 0x1
  PEEK Core.DataMem.io_mem_func <- 0x1
STEP 1 -> 5
  PEEK Core.RegFile.rf_reg_file[0] -> 0x0
  PEEK Core.RegFile.rf_reg_file[1] -> 0x0
  PEEK Core.RegFile.rf_reg_file[2] -> 0x4abcd000
  PEEK Core.RegFile.rf_reg_file[3] -> 0x23cbd000
  PEEK Core.RegFile.rf_reg_file[4] -> 0x0
  PEEK Core.RegFile.rf_reg_file[5] -> 0x0
  PEEK Core.RegFile.rf_reg_file[6] -> 0x0
  PEEK Core.RegFile.rf_reg_file[7] -> 0x0
  PEEK Core.RegFile.rf_reg_file[8] -> 0x0
  PEEK Core.RegFile.rf_reg_file[9] -> 0x0
  PEEK Core.RegFile.rf_reg_file[10] -> 0x0
  PEEK Core.RegFile.rf_reg_file[11] -> 0x0
  PEEK Core.RegFile.rf_reg_file[12] -> 0x0
  PEEK Core.RegFile.rf_reg_file[13] -> 0x0
  PEEK Core.RegFile.rf_reg_file[14] -> 0x0
  PEEK Core.RegFile.rf_reg_file[15] -> 0x0
  PEEK Core.RegFile.rf_reg_file[16] -> 0x0
  PEEK Core.RegFile.rf_reg_file[17] -> 0x0
  PEEK Core.RegFile.rf_reg_file[18] -> 0x0
  PEEK Core.RegFile.rf_reg_file[19] -> 0x0
  PEEK Core.RegFile.rf_reg_file[20] -> 0x0
  PEEK Core.RegFile.rf_reg_file[21] -> 0x0
  PEEK Core.RegFile.rf_reg_file[22] -> 0x0
  PEEK Core.RegFile.rf_reg_file[23] -> 0x0
  PEEK Core.RegFile.rf_reg_file[24] -> 0x0
  PEEK Core.RegFile.rf_reg_file[25] -> 0x0
  PEEK Core.RegFile.rf_reg_file[26] -> 0x0
  PEEK Core.RegFile.rf_reg_file[27] -> 0x0
  PEEK Core.RegFile.rf_reg_file[28] -> 0x0
  PEEK Core.RegFile.rf_reg_file[29] -> 0x0
  PEEK Core.RegFile.rf_reg_file[30] -> 0x0
  PEEK Core.RegFile.rf_reg_file[31] -> 0x0
  PEEK Core.MuxPC.io_pc_sel <- 0x0
  PEEK Core.fetch_pc_reg <- 0x5
  PEEK Core.exec_pc_reg <- 0x4
  PEEK Core.exec_pc4_reg <- 0x5
  PEEK Core.exec_instr_reg <- 0x402503
  PEEK Core.Decoder.io_ctl_val_inst <- 0x1
  PEEK Core.RegFile.io_rf_ra1 <- 0x0
  PEEK Core.RegFile.io_rf_ra2 <- 0x4
  PEEK Core.Decoder.io_ctl_alu_func <- 0x1
  PEEK Core.Decoder.io_ctl_wb_sel <- 0x3
  PEEK Core.Alu.io_out <- 0x4
  PEEK Core.MuxWB.io_wb_alu <- 0x4
  PEEK Core.RegFile.io_rf_wa <- 0xa
  PEEK Core.RegFile.io_rf_wen <- 0x1
  PEEK Core.RegFile.io_rf_wd <- 0x23cbd000
  PEEK Core.DataMem.io_addr <- 0x4
  PEEK Core.DataMem.io_wr_data <- 0x0
  PEEK Core.DataMem.io_mem_en <- 0x1
  PEEK Core.DataMem.io_mem_func <- 0x0
STEP 1 -> 6
  PEEK Core.RegFile.rf_reg_file[0] -> 0x0
  PEEK Core.RegFile.rf_reg_file[1] -> 0x0
  PEEK Core.RegFile.rf_reg_file[2] -> 0x4abcd000
  PEEK Core.RegFile.rf_reg_file[3] -> 0x23cbd000
  PEEK Core.RegFile.rf_reg_file[4] -> 0x0
  PEEK Core.RegFile.rf_reg_file[5] -> 0x0
  PEEK Core.RegFile.rf_reg_file[6] -> 0x0
  PEEK Core.RegFile.rf_reg_file[7] -> 0x0
  PEEK Core.RegFile.rf_reg_file[8] -> 0x0
  PEEK Core.RegFile.rf_reg_file[9] -> 0x0
  PEEK Core.RegFile.rf_reg_file[10] -> 0x23cbd000
  PEEK Core.RegFile.rf_reg_file[11] -> 0x0
  PEEK Core.RegFile.rf_reg_file[12] -> 0x0
  PEEK Core.RegFile.rf_reg_file[13] -> 0x0
  PEEK Core.RegFile.rf_reg_file[14] -> 0x0
  PEEK Core.RegFile.rf_reg_file[15] -> 0x0
  PEEK Core.RegFile.rf_reg_file[16] -> 0x0
  PEEK Core.RegFile.rf_reg_file[17] -> 0x0
  PEEK Core.RegFile.rf_reg_file[18] -> 0x0
  PEEK Core.RegFile.rf_reg_file[19] -> 0x0
  PEEK Core.RegFile.rf_reg_file[20] -> 0x0
  PEEK Core.RegFile.rf_reg_file[21] -> 0x0
  PEEK Core.RegFile.rf_reg_file[22] -> 0x0
  PEEK Core.RegFile.rf_reg_file[23] -> 0x0
  PEEK Core.RegFile.rf_reg_file[24] -> 0x0
  PEEK Core.RegFile.rf_reg_file[25] -> 0x0
  PEEK Core.RegFile.rf_reg_file[26] -> 0x0
  PEEK Core.RegFile.rf_reg_file[27] -> 0x0
  PEEK Core.RegFile.rf_reg_file[28] -> 0x0
  PEEK Core.RegFile.rf_reg_file[29] -> 0x0
  PEEK Core.RegFile.rf_reg_file[30] -> 0x0
  PEEK Core.RegFile.rf_reg_file[31] -> 0x0
  PEEK Core.MuxPC.io_pc_sel <- 0x0
  PEEK Core.fetch_pc_reg <- 0x6
  PEEK Core.exec_pc_reg <- 0x5
  PEEK Core.exec_pc4_reg <- 0x6
  PEEK Core.exec_instr_reg <- 0x13
  PEEK Core.Decoder.io_ctl_val_inst <- 0x1
  PEEK Core.RegFile.io_rf_ra1 <- 0x0
  PEEK Core.RegFile.io_rf_ra2 <- 0x0
  PEEK Core.Decoder.io_ctl_alu_func <- 0x1
  PEEK Core.Decoder.io_ctl_wb_sel <- 0x0
  PEEK Core.Alu.io_out <- 0x0
  PEEK Core.MuxWB.io_wb_alu <- 0x0
  PEEK Core.RegFile.io_rf_wa <- 0x0
  PEEK Core.RegFile.io_rf_wen <- 0x1
  PEEK Core.RegFile.io_rf_wd <- 0x0
  PEEK Core.DataMem.io_addr <- 0x0
  PEEK Core.DataMem.io_wr_data <- 0x0
  PEEK Core.DataMem.io_mem_en <- 0x0
  PEEK Core.DataMem.io_mem_func <- 0x0
STEP 1 -> 7
  PEEK Core.RegFile.rf_reg_file[0] -> 0x0
  PEEK Core.RegFile.rf_reg_file[1] -> 0x0
  PEEK Core.RegFile.rf_reg_file[2] -> 0x4abcd000
  PEEK Core.RegFile.rf_reg_file[3] -> 0x23cbd000
  PEEK Core.RegFile.rf_reg_file[4] -> 0x0
  PEEK Core.RegFile.rf_reg_file[5] -> 0x0
  PEEK Core.RegFile.rf_reg_file[6] -> 0x0
  PEEK Core.RegFile.rf_reg_file[7] -> 0x0
  PEEK Core.RegFile.rf_reg_file[8] -> 0x0
  PEEK Core.RegFile.rf_reg_file[9] -> 0x0
  PEEK Core.RegFile.rf_reg_file[10] -> 0x23cbd000
  PEEK Core.RegFile.rf_reg_file[11] -> 0x0
  PEEK Core.RegFile.rf_reg_file[12] -> 0x0
  PEEK Core.RegFile.rf_reg_file[13] -> 0x0
  PEEK Core.RegFile.rf_reg_file[14] -> 0x0
  PEEK Core.RegFile.rf_reg_file[15] -> 0x0
  PEEK Core.RegFile.rf_reg_file[16] -> 0x0
  PEEK Core.RegFile.rf_reg_file[17] -> 0x0
  PEEK Core.RegFile.rf_reg_file[18] -> 0x0
  PEEK Core.RegFile.rf_reg_file[19] -> 0x0
  PEEK Core.RegFile.rf_reg_file[20] -> 0x0
  PEEK Core.RegFile.rf_reg_file[21] -> 0x0
  PEEK Core.RegFile.rf_reg_file[22] -> 0x0
  PEEK Core.RegFile.rf_reg_file[23] -> 0x0
  PEEK Core.RegFile.rf_reg_file[24] -> 0x0
  PEEK Core.RegFile.rf_reg_file[25] -> 0x0
  PEEK Core.RegFile.rf_reg_file[26] -> 0x0
  PEEK Core.RegFile.rf_reg_file[27] -> 0x0
  PEEK Core.RegFile.rf_reg_file[28] -> 0x0
  PEEK Core.RegFile.rf_reg_file[29] -> 0x0
  PEEK Core.RegFile.rf_reg_file[30] -> 0x0
  PEEK Core.RegFile.rf_reg_file[31] -> 0x0
  PEEK Core.MuxPC.io_pc_sel <- 0x0
  PEEK Core.fetch_pc_reg <- 0x7
  PEEK Core.exec_pc_reg <- 0x6
  PEEK Core.exec_pc4_reg <- 0x7
  PEEK Core.exec_instr_reg <- 0x13
  PEEK Core.Decoder.io_ctl_val_inst <- 0x1
  PEEK Core.RegFile.io_rf_ra1 <- 0x0
  PEEK Core.RegFile.io_rf_ra2 <- 0x0
  PEEK Core.Decoder.io_ctl_alu_func <- 0x1
  PEEK Core.Decoder.io_ctl_wb_sel <- 0x0
  PEEK Core.Alu.io_out <- 0x0
  PEEK Core.MuxWB.io_wb_alu <- 0x0
  PEEK Core.RegFile.io_rf_wa <- 0x0
  PEEK Core.RegFile.io_rf_wen <- 0x1
  PEEK Core.RegFile.io_rf_wd <- 0x0
  PEEK Core.DataMem.io_addr <- 0x0
  PEEK Core.DataMem.io_wr_data <- 0x0
  PEEK Core.DataMem.io_mem_en <- 0x0
  PEEK Core.DataMem.io_mem_func <- 0x0
STEP 1 -> 8
  PEEK Core.RegFile.rf_reg_file[0] -> 0x0
  PEEK Core.RegFile.rf_reg_file[1] -> 0x0
  PEEK Core.RegFile.rf_reg_file[2] -> 0x4abcd000
  PEEK Core.RegFile.rf_reg_file[3] -> 0x23cbd000
  PEEK Core.RegFile.rf_reg_file[4] -> 0x0
  PEEK Core.RegFile.rf_reg_file[5] -> 0x0
  PEEK Core.RegFile.rf_reg_file[6] -> 0x0
  PEEK Core.RegFile.rf_reg_file[7] -> 0x0
  PEEK Core.RegFile.rf_reg_file[8] -> 0x0
  PEEK Core.RegFile.rf_reg_file[9] -> 0x0
  PEEK Core.RegFile.rf_reg_file[10] -> 0x23cbd000
  PEEK Core.RegFile.rf_reg_file[11] -> 0x0
  PEEK Core.RegFile.rf_reg_file[12] -> 0x0
  PEEK Core.RegFile.rf_reg_file[13] -> 0x0
  PEEK Core.RegFile.rf_reg_file[14] -> 0x0
  PEEK Core.RegFile.rf_reg_file[15] -> 0x0
  PEEK Core.RegFile.rf_reg_file[16] -> 0x0
  PEEK Core.RegFile.rf_reg_file[17] -> 0x0
  PEEK Core.RegFile.rf_reg_file[18] -> 0x0
  PEEK Core.RegFile.rf_reg_file[19] -> 0x0
  PEEK Core.RegFile.rf_reg_file[20] -> 0x0
  PEEK Core.RegFile.rf_reg_file[21] -> 0x0
  PEEK Core.RegFile.rf_reg_file[22] -> 0x0
  PEEK Core.RegFile.rf_reg_file[23] -> 0x0
  PEEK Core.RegFile.rf_reg_file[24] -> 0x0
  PEEK Core.RegFile.rf_reg_file[25] -> 0x0
  PEEK Core.RegFile.rf_reg_file[26] -> 0x0
  PEEK Core.RegFile.rf_reg_file[27] -> 0x0
  PEEK Core.RegFile.rf_reg_file[28] -> 0x0
  PEEK Core.RegFile.rf_reg_file[29] -> 0x0
  PEEK Core.RegFile.rf_reg_file[30] -> 0x0
  PEEK Core.RegFile.rf_reg_file[31] -> 0x0
  PEEK Core.MuxPC.io_pc_sel <- 0x0
  PEEK Core.fetch_pc_reg <- 0x8
  PEEK Core.exec_pc_reg <- 0x7
  PEEK Core.exec_pc4_reg <- 0x8
  PEEK Core.exec_instr_reg <- 0x13
  PEEK Core.Decoder.io_ctl_val_inst <- 0x1
  PEEK Core.RegFile.io_rf_ra1 <- 0x0
  PEEK Core.RegFile.io_rf_ra2 <- 0x0
  PEEK Core.Decoder.io_ctl_alu_func <- 0x1
  PEEK Core.Decoder.io_ctl_wb_sel <- 0x0
  PEEK Core.Alu.io_out <- 0x0
  PEEK Core.MuxWB.io_wb_alu <- 0x0
  PEEK Core.RegFile.io_rf_wa <- 0x0
  PEEK Core.RegFile.io_rf_wen <- 0x1
  PEEK Core.RegFile.io_rf_wd <- 0x0
  PEEK Core.DataMem.io_addr <- 0x0
  PEEK Core.DataMem.io_wr_data <- 0x0
  PEEK Core.DataMem.io_mem_en <- 0x0
  PEEK Core.DataMem.io_mem_func <- 0x0
STEP 1 -> 9
  PEEK Core.RegFile.rf_reg_file[0] -> 0x0
  PEEK Core.RegFile.rf_reg_file[1] -> 0x0
  PEEK Core.RegFile.rf_reg_file[2] -> 0x4abcd000
  PEEK Core.RegFile.rf_reg_file[3] -> 0x23cbd000
  PEEK Core.RegFile.rf_reg_file[4] -> 0x0
  PEEK Core.RegFile.rf_reg_file[5] -> 0x0
  PEEK Core.RegFile.rf_reg_file[6] -> 0x0
  PEEK Core.RegFile.rf_reg_file[7] -> 0x0
  PEEK Core.RegFile.rf_reg_file[8] -> 0x0
  PEEK Core.RegFile.rf_reg_file[9] -> 0x0
  PEEK Core.RegFile.rf_reg_file[10] -> 0x23cbd000
  PEEK Core.RegFile.rf_reg_file[11] -> 0x0
  PEEK Core.RegFile.rf_reg_file[12] -> 0x0
  PEEK Core.RegFile.rf_reg_file[13] -> 0x0
  PEEK Core.RegFile.rf_reg_file[14] -> 0x0
  PEEK Core.RegFile.rf_reg_file[15] -> 0x0
  PEEK Core.RegFile.rf_reg_file[16] -> 0x0
  PEEK Core.RegFile.rf_reg_file[17] -> 0x0
  PEEK Core.RegFile.rf_reg_file[18] -> 0x0
  PEEK Core.RegFile.rf_reg_file[19] -> 0x0
  PEEK Core.RegFile.rf_reg_file[20] -> 0x0
  PEEK Core.RegFile.rf_reg_file[21] -> 0x0
  PEEK Core.RegFile.rf_reg_file[22] -> 0x0
  PEEK Core.RegFile.rf_reg_file[23] -> 0x0
  PEEK Core.RegFile.rf_reg_file[24] -> 0x0
  PEEK Core.RegFile.rf_reg_file[25] -> 0x0
  PEEK Core.RegFile.rf_reg_file[26] -> 0x0
  PEEK Core.RegFile.rf_reg_file[27] -> 0x0
  PEEK Core.RegFile.rf_reg_file[28] -> 0x0
  PEEK Core.RegFile.rf_reg_file[29] -> 0x0
  PEEK Core.RegFile.rf_reg_file[30] -> 0x0
  PEEK Core.RegFile.rf_reg_file[31] -> 0x0
  PEEK Core.MuxPC.io_pc_sel <- 0x0
  PEEK Core.fetch_pc_reg <- 0x9
  PEEK Core.exec_pc_reg <- 0x8
  PEEK Core.exec_pc4_reg <- 0x9
  PEEK Core.exec_instr_reg <- 0x13
  PEEK Core.Decoder.io_ctl_val_inst <- 0x1
  PEEK Core.RegFile.io_rf_ra1 <- 0x0
  PEEK Core.RegFile.io_rf_ra2 <- 0x0
  PEEK Core.Decoder.io_ctl_alu_func <- 0x1
  PEEK Core.Decoder.io_ctl_wb_sel <- 0x0
  PEEK Core.Alu.io_out <- 0x0
  PEEK Core.MuxWB.io_wb_alu <- 0x0
  PEEK Core.RegFile.io_rf_wa <- 0x0
  PEEK Core.RegFile.io_rf_wen <- 0x1
  PEEK Core.RegFile.io_rf_wd <- 0x0
  PEEK Core.DataMem.io_addr <- 0x0
  PEEK Core.DataMem.io_wr_data <- 0x0
  PEEK Core.DataMem.io_mem_en <- 0x0
  PEEK Core.DataMem.io_mem_func <- 0x0
STEP 1 -> 10
  PEEK Core.RegFile.rf_reg_file[0] -> 0x0
  PEEK Core.RegFile.rf_reg_file[1] -> 0x0
  PEEK Core.RegFile.rf_reg_file[2] -> 0x4abcd000
  PEEK Core.RegFile.rf_reg_file[3] -> 0x23cbd000
  PEEK Core.RegFile.rf_reg_file[4] -> 0x0
  PEEK Core.RegFile.rf_reg_file[5] -> 0x0
  PEEK Core.RegFile.rf_reg_file[6] -> 0x0
  PEEK Core.RegFile.rf_reg_file[7] -> 0x0
  PEEK Core.RegFile.rf_reg_file[8] -> 0x0
  PEEK Core.RegFile.rf_reg_file[9] -> 0x0
  PEEK Core.RegFile.rf_reg_file[10] -> 0x23cbd000
  PEEK Core.RegFile.rf_reg_file[11] -> 0x0
  PEEK Core.RegFile.rf_reg_file[12] -> 0x0
  PEEK Core.RegFile.rf_reg_file[13] -> 0x0
  PEEK Core.RegFile.rf_reg_file[14] -> 0x0
  PEEK Core.RegFile.rf_reg_file[15] -> 0x0
  PEEK Core.RegFile.rf_reg_file[16] -> 0x0
  PEEK Core.RegFile.rf_reg_file[17] -> 0x0
  PEEK Core.RegFile.rf_reg_file[18] -> 0x0
  PEEK Core.RegFile.rf_reg_file[19] -> 0x0
  PEEK Core.RegFile.rf_reg_file[20] -> 0x0
  PEEK Core.RegFile.rf_reg_file[21] -> 0x0
  PEEK Core.RegFile.rf_reg_file[22] -> 0x0
  PEEK Core.RegFile.rf_reg_file[23] -> 0x0
  PEEK Core.RegFile.rf_reg_file[24] -> 0x0
  PEEK Core.RegFile.rf_reg_file[25] -> 0x0
  PEEK Core.RegFile.rf_reg_file[26] -> 0x0
  PEEK Core.RegFile.rf_reg_file[27] -> 0x0
  PEEK Core.RegFile.rf_reg_file[28] -> 0x0
  PEEK Core.RegFile.rf_reg_file[29] -> 0x0
  PEEK Core.RegFile.rf_reg_file[30] -> 0x0
  PEEK Core.RegFile.rf_reg_file[31] -> 0x0
  PEEK Core.RegFile.rf_reg_file[0] -> 0x0
  PEEK Core.RegFile.rf_reg_file[1] -> 0x0
  PEEK Core.RegFile.rf_reg_file[2] -> 0x4abcd000
  PEEK Core.RegFile.rf_reg_file[3] -> 0x23cbd000
  PEEK Core.RegFile.rf_reg_file[4] -> 0x0
  PEEK Core.RegFile.rf_reg_file[5] -> 0x0
  PEEK Core.RegFile.rf_reg_file[6] -> 0x0
  PEEK Core.RegFile.rf_reg_file[7] -> 0x0
  PEEK Core.RegFile.rf_reg_file[8] -> 0x0
  PEEK Core.RegFile.rf_reg_file[9] -> 0x0
  PEEK Core.RegFile.rf_reg_file[10] -> 0x23cbd000
  PEEK Core.RegFile.rf_reg_file[11] -> 0x0
  PEEK Core.RegFile.rf_reg_file[12] -> 0x0
  PEEK Core.RegFile.rf_reg_file[13] -> 0x0
  PEEK Core.RegFile.rf_reg_file[14] -> 0x0
  PEEK Core.RegFile.rf_reg_file[15] -> 0x0
  PEEK Core.RegFile.rf_reg_file[16] -> 0x0
  PEEK Core.RegFile.rf_reg_file[17] -> 0x0
  PEEK Core.RegFile.rf_reg_file[18] -> 0x0
  PEEK Core.RegFile.rf_reg_file[19] -> 0x0
  PEEK Core.RegFile.rf_reg_file[20] -> 0x0
  PEEK Core.RegFile.rf_reg_file[21] -> 0x0
  PEEK Core.RegFile.rf_reg_file[22] -> 0x0
  PEEK Core.RegFile.rf_reg_file[23] -> 0x0
  PEEK Core.RegFile.rf_reg_file[24] -> 0x0
  PEEK Core.RegFile.rf_reg_file[25] -> 0x0
  PEEK Core.RegFile.rf_reg_file[26] -> 0x0
  PEEK Core.RegFile.rf_reg_file[27] -> 0x0
  PEEK Core.RegFile.rf_reg_file[28] -> 0x0
  PEEK Core.RegFile.rf_reg_file[29] -> 0x0
  PEEK Core.RegFile.rf_reg_file[30] -> 0x0
  PEEK Core.RegFile.rf_reg_file[31] -> 0x0
  PEEK Core.DataMem.mem[0] -> 0x0
  PEEK Core.DataMem.mem[1] -> 0x0
  PEEK Core.DataMem.mem[2] -> 0x4abcd000
  PEEK Core.DataMem.mem[3] -> 0x0
  PEEK Core.DataMem.mem[4] -> 0x23cbd000
  PEEK Core.DataMem.mem[5] -> 0x0
  PEEK Core.DataMem.mem[6] -> 0x0
  PEEK Core.DataMem.mem[7] -> 0x0
  PEEK Core.DataMem.mem[8] -> 0x0
  PEEK Core.DataMem.mem[9] -> 0x0
  PEEK Core.DataMem.mem[10] -> 0x0
  PEEK Core.DataMem.mem[11] -> 0x0
  PEEK Core.DataMem.mem[12] -> 0x0
  PEEK Core.DataMem.mem[13] -> 0x0
  PEEK Core.DataMem.mem[14] -> 0x0
  PEEK Core.DataMem.mem[15] -> 0x0
  PEEK Core.DataMem.mem[16] -> 0x0
  PEEK Core.DataMem.mem[17] -> 0x0
  PEEK Core.DataMem.mem[18] -> 0x0
  PEEK Core.DataMem.mem[19] -> 0x0
  PEEK Core.DataMem.mem[20] -> 0x0
  PEEK Core.DataMem.mem[21] -> 0x0
  PEEK Core.DataMem.mem[22] -> 0x0
  PEEK Core.DataMem.mem[23] -> 0x0
  PEEK Core.DataMem.mem[24] -> 0x0
  PEEK Core.DataMem.mem[25] -> 0x0
  PEEK Core.DataMem.mem[26] -> 0x0
  PEEK Core.DataMem.mem[27] -> 0x0
  PEEK Core.DataMem.mem[28] -> 0x0
  PEEK Core.DataMem.mem[29] -> 0x0
  PEEK Core.DataMem.mem[30] -> 0x0
  PEEK Core.DataMem.mem[31] -> 0x0
Core: BIG TO DO !
Core: not passed... yet !
RAN 10 CYCLES PASSED
[0m[[32msuccess[0m] [0mTotal time: 25 s, completed Sep 11, 2016 1:20:54 AM[0m
