[0m[[0minfo[0m] [0mSet current project to src (in build file:/home/marcel/Diploma/RiscV/Work/md_risc/src/)[0m
[0m[[0minfo[0m] [0mCompiling 1 Scala source to /home/marcel/Diploma/RiscV/Work/md_risc/src/target/scala-2.11/classes...[0m
[0m[[33mwarn[0m] [0mthere were 14 feature warnings; re-run with -feature for details[0m
[0m[[33mwarn[0m] [0mone warning found[0m
[0m[[0minfo[0m] [0mRunning MDRisc.mainRisc Decoder c[0m
CPP elaborate
[[35minfo[0m] [0.239] // COMPILING < (class MDRisc.Decoder)>(0)
[[35minfo[0m] [0.356] giving names
[[35minfo[0m] [0.447] executing custom transforms
[[35minfo[0m] [0.448] convert masked writes of inline mems
[[35minfo[0m] [0.493] adding clocks and resets
[[35minfo[0m] [0.541] inferring widths
[[35minfo[0m] [0.643] checking widths
[[35minfo[0m] [0.671] lowering complex nodes to primitives
[[35minfo[0m] [0.672] removing type nodes
[[35minfo[0m] [0.704] compiling 430 nodes
[[35minfo[0m] [0.704] computing memory ports
[[35minfo[0m] [0.743] resolving nodes to the components
[[35minfo[0m] [0.887] creating clock domains
[[35minfo[0m] [0.888] pruning unconnected IOs
[[35minfo[0m] [0.892] checking for combinational loops
[[35minfo[0m] [0.925] NO COMBINATIONAL LOOP FOUND
[[35minfo[0m] [1.086] populating clock domains
CppBackend::elaborate: need 0, redundant 0 shadow registers
[[35minfo[0m] [1.215] generating cpp files
CppBackend: createCppFile Decoder.cpp
[[35minfo[0m] [3.187] g++ -c -o ../emulator/Decoder-emulator.o  -I../ -I/csrc/  ../emulator/Decoder-emulator.cpp RET 0
[[35minfo[0m] [4.243] g++ -c -o ../emulator/Decoder.o  -I../ -I/csrc/  ../emulator/Decoder.cpp RET 0
[[35minfo[0m] [4.390] g++   -o ../emulator/Decoder ../emulator/Decoder.o ../emulator/Decoder-emulator.o RET 0
sim start on marcel-X55VD at Fri Sep  9 10:01:30 2016
inChannelName: 00027552.in
outChannelName: 00027552.out
cmdChannelName: 00027552.cmd
SEED 1473404485656
STARTING ../emulator/Decoder 
LUI operation
  POKE Decoder.io_dec_instr <- 0xffffff37
STEP 1 -> 1
LUI operation
  POKE Decoder.io_dec_instr <- 0xffffffb7
STEP 1 -> 2
Unknown operation
  POKE Decoder.io_dec_instr <- 0xffffffc7
STEP 1 -> 3
Unknown operation
  POKE Decoder.io_dec_instr <- 0xffffff57
STEP 1 -> 4
AUIPC operation
  POKE Decoder.io_dec_instr <- 0xffffff17
STEP 1 -> 5
AUIPC operation
  POKE Decoder.io_dec_instr <- 0xffff4f97
STEP 1 -> 6
Unknown operation
  POKE Decoder.io_dec_instr <- 0xffffff87
STEP 1 -> 7
Unknown operation
  POKE Decoder.io_dec_instr <- 0xffffffa7
STEP 1 -> 8
JAL operation
  POKE Decoder.io_dec_instr <- 0xffffff6f
STEP 1 -> 9
AUIPC operation
  POKE Decoder.io_dec_instr <- 0xffffef97
STEP 1 -> 10
JAL operation
  POKE Decoder.io_dec_instr <- 0xffffff6f
STEP 1 -> 11
Unknown operation
  POKE Decoder.io_dec_instr <- 0xffffff67
STEP 1 -> 12
BEQ operation
  POKE Decoder.io_dec_instr <- 0xffff8f63
STEP 1 -> 13
BEQ operation
  POKE Decoder.io_dec_instr <- 0xffff8fe3
STEP 1 -> 14
BEQ operation
  POKE Decoder.io_dec_instr <- 0xffff0fe3
STEP 1 -> 15
BNE operation
  POKE Decoder.io_dec_instr <- 0xffff1f63
STEP 1 -> 16
BNE operation
  POKE Decoder.io_dec_instr <- 0xffff9f63
STEP 1 -> 17
Unknown operation
  POKE Decoder.io_dec_instr <- 0xffffafe3
STEP 1 -> 18
Unknown operation
  POKE Decoder.io_dec_instr <- 0xffffbfe3
STEP 1 -> 19
BLT operation
  POKE Decoder.io_dec_instr <- 0xffffcf63
STEP 1 -> 20
BNE operation
  POKE Decoder.io_dec_instr <- 0xffff1f63
STEP 1 -> 21
Unknown operation
  POKE Decoder.io_dec_instr <- 0xffff2fe3
STEP 1 -> 22
Unknown operation
  POKE Decoder.io_dec_instr <- 0xffff3fe3
STEP 1 -> 23
BLT operation
  POKE Decoder.io_dec_instr <- 0xffff4f63
STEP 1 -> 24
BGE operation
  POKE Decoder.io_dec_instr <- 0xffff5f63
STEP 1 -> 25
BLTU operation
  POKE Decoder.io_dec_instr <- 0xffff6fe3
STEP 1 -> 26
BGEU operation
  POKE Decoder.io_dec_instr <- 0xffff7fe3
STEP 1 -> 27
BEQ operation
  POKE Decoder.io_dec_instr <- 0xffff8f63
STEP 1 -> 28
AUIPC operation
  POKE Decoder.io_dec_instr <- 0xffffff17
STEP 1 -> 29
AUIPC operation
  POKE Decoder.io_dec_instr <- 0xffff4f97
STEP 1 -> 30
Unknown operation
  POKE Decoder.io_dec_instr <- 0xffffff87
STEP 1 -> 31
Unknown operation
  POKE Decoder.io_dec_instr <- 0xffffffa7
STEP 1 -> 32
LB operation
  POKE Decoder.io_dec_instr <- 0x12340f03
STEP 1 -> 33
LB operation
  POKE Decoder.io_dec_instr <- 0x12348f03
STEP 1 -> 34
LH operation
  POKE Decoder.io_dec_instr <- 0x53429f03
STEP 1 -> 35
LB operation
  POKE Decoder.io_dec_instr <- 0x54338f83
STEP 1 -> 36
ADDI operation
  POKE Decoder.io_dec_instr <- 0x12340f13
STEP 1 -> 37
SB operation
  POKE Decoder.io_dec_instr <- 0x12348f23
STEP 1 -> 38
Unknown operation
  POKE Decoder.io_dec_instr <- 0x53429f43
STEP 1 -> 39
Unknown operation
  POKE Decoder.io_dec_instr <- 0x54338f53
STEP 1 -> 40
LB operation
  POKE Decoder.io_dec_instr <- 0x12340f83
STEP 1 -> 41
LB operation
  POKE Decoder.io_dec_instr <- 0x12340d83
STEP 1 -> 42
LB operation
  POKE Decoder.io_dec_instr <- 0x12348303
STEP 1 -> 43
LB operation
  POKE Decoder.io_dec_instr <- 0x12340203
STEP 1 -> 44
Unknown operation
  POKE Decoder.io_dec_instr <- 0x1234ff83
STEP 1 -> 45
LWU operation
  POKE Decoder.io_dec_instr <- 0x1234ed83
STEP 1 -> 46
LHU operation
  POKE Decoder.io_dec_instr <- 0x1234d303
STEP 1 -> 47
LB operation
  POKE Decoder.io_dec_instr <- 0x12320203
STEP 1 -> 48
LH operation
  POKE Decoder.io_dec_instr <- 0x12341f83
STEP 1 -> 49
LW operation
  POKE Decoder.io_dec_instr <- 0x12342d83
STEP 1 -> 50
LD operation
  POKE Decoder.io_dec_instr <- 0x12343303
STEP 1 -> 51
LBU operation
  POKE Decoder.io_dec_instr <- 0x12344203
STEP 1 -> 52
LHU operation
  POKE Decoder.io_dec_instr <- 0x12345f83
STEP 1 -> 53
LWU operation
  POKE Decoder.io_dec_instr <- 0x12346d83
STEP 1 -> 54
Unknown operation
  POKE Decoder.io_dec_instr <- 0x12347303
STEP 1 -> 55
LB operation
  POKE Decoder.io_dec_instr <- 0x12328203
STEP 1 -> 56
LH operation
  POKE Decoder.io_dec_instr <- 0x12349f83
STEP 1 -> 57
LW operation
  POKE Decoder.io_dec_instr <- 0x1234ad83
STEP 1 -> 58
LD operation
  POKE Decoder.io_dec_instr <- 0x1234b303
STEP 1 -> 59
LBU operation
  POKE Decoder.io_dec_instr <- 0x1232c203
STEP 1 -> 60
LW operation
  POKE Decoder.io_dec_instr <- 0x1234af83
STEP 1 -> 61
LWU operation
  POKE Decoder.io_dec_instr <- 0x1234ed83
STEP 1 -> 62
LWU operation
  POKE Decoder.io_dec_instr <- 0x1234e303
STEP 1 -> 63
Unknown operation
  POKE Decoder.io_dec_instr <- 0x1232f203
STEP 1 -> 64
Unknown operation
  POKE Decoder.io_dec_instr <- 0x1234ffa3
STEP 1 -> 65
Unknown operation
  POKE Decoder.io_dec_instr <- 0x1234ed23
STEP 1 -> 66
Unknown operation
  POKE Decoder.io_dec_instr <- 0x1234d3a3
STEP 1 -> 67
SB operation
  POKE Decoder.io_dec_instr <- 0x12320223
STEP 1 -> 68
Unknown operation
  POKE Decoder.io_dec_instr <- 0x9fc9f16b
STEP 1 -> 69
Unknown operation
  POKE Decoder.io_dec_instr <- 0xa2e19fde
STEP 1 -> 70
Unknown operation
  POKE Decoder.io_dec_instr <- 0x5400b3e3
STEP 1 -> 71
Unknown operation
  POKE Decoder.io_dec_instr <- 0xb48a0a9d
STEP 1 -> 72
Unknown operation
  POKE Decoder.io_dec_instr <- 0x6cbd74f5
STEP 1 -> 73
Unknown operation
  POKE Decoder.io_dec_instr <- 0x8d7492c9
STEP 1 -> 74
Unknown operation
  POKE Decoder.io_dec_instr <- 0xca645dc8
STEP 1 -> 75
Unknown operation
  POKE Decoder.io_dec_instr <- 0xa44ef2a8
STEP 1 -> 76
Unknown operation
  POKE Decoder.io_dec_instr <- 0x6bdbcafe
STEP 1 -> 77
Unknown operation
  POKE Decoder.io_dec_instr <- 0x58387238
STEP 1 -> 78
Unknown operation
  POKE Decoder.io_dec_instr <- 0xfabd729c
STEP 1 -> 79
Unknown operation
  POKE Decoder.io_dec_instr <- 0x33b83e45
STEP 1 -> 80
Unknown operation
  POKE Decoder.io_dec_instr <- 0x1bd625f1
STEP 1 -> 81
Unknown operation
  POKE Decoder.io_dec_instr <- 0x1cd9de82
STEP 1 -> 82
Unknown operation
  POKE Decoder.io_dec_instr <- 0xe75b469b
STEP 1 -> 83
Unknown operation
  POKE Decoder.io_dec_instr <- 0x6d0296a8
STEP 1 -> 84
Unknown operation
  POKE Decoder.io_dec_instr <- 0x2405fe18
STEP 1 -> 85
Unknown operation
  POKE Decoder.io_dec_instr <- 0x95adb1f9
STEP 1 -> 86
Unknown operation
  POKE Decoder.io_dec_instr <- 0xb3649980
STEP 1 -> 87
Unknown operation
  POKE Decoder.io_dec_instr <- 0x38e63d8f
STEP 1 -> 88
Unknown operation
  POKE Decoder.io_dec_instr <- 0x512aa763
STEP 1 -> 89
Unknown operation
  POKE Decoder.io_dec_instr <- 0x17a7dd5f
STEP 1 -> 90
Unknown operation
  POKE Decoder.io_dec_instr <- 0xadf3abdf
STEP 1 -> 91
Unknown operation
  POKE Decoder.io_dec_instr <- 0xc4f400db
STEP 1 -> 92
JALR operation
  POKE Decoder.io_dec_instr <- 0x9243ff67
STEP 1 -> 93
Unknown operation
  POKE Decoder.io_dec_instr <- 0x977f1798
STEP 1 -> 94
Unknown operation
  POKE Decoder.io_dec_instr <- 0xa413c6d2
STEP 1 -> 95
Unknown operation
  POKE Decoder.io_dec_instr <- 0x77955362
STEP 1 -> 96
Unknown operation
  POKE Decoder.io_dec_instr <- 0xae5b77a9
STEP 1 -> 97
Unknown operation
  POKE Decoder.io_dec_instr <- 0x1e2f54a1
STEP 1 -> 98
Unknown operation
  POKE Decoder.io_dec_instr <- 0xf41d19d7
STEP 1 -> 99
LH operation
  POKE Decoder.io_dec_instr <- 0xfdb49f03
STEP 1 -> 100
Unknown operation
  POKE Decoder.io_dec_instr <- 0x515d001d
STEP 1 -> 101
Unknown operation
  POKE Decoder.io_dec_instr <- 0xcdb837c0
STEP 1 -> 102
Unknown operation
  POKE Decoder.io_dec_instr <- 0xd5612f8
STEP 1 -> 103
Unknown operation
  POKE Decoder.io_dec_instr <- 0x10d023f9
STEP 1 -> 104
Unknown operation
  POKE Decoder.io_dec_instr <- 0x103595e9
STEP 1 -> 105
Unknown operation
  POKE Decoder.io_dec_instr <- 0xab13f4fc
STEP 1 -> 106
Unknown operation
  POKE Decoder.io_dec_instr <- 0xab8f952c
STEP 1 -> 107
Unknown operation
  POKE Decoder.io_dec_instr <- 0xd8af974
STEP 1 -> 108
Unknown operation
  POKE Decoder.io_dec_instr <- 0xab857a6e
STEP 1 -> 109
Unknown operation
  POKE Decoder.io_dec_instr <- 0x513655d0
STEP 1 -> 110
Unknown operation
  POKE Decoder.io_dec_instr <- 0x99e3b0fd
STEP 1 -> 111
Unknown operation
  POKE Decoder.io_dec_instr <- 0xa7f50365
STEP 1 -> 112
Unknown operation
  POKE Decoder.io_dec_instr <- 0xf0905687
STEP 1 -> 113
Unknown operation
  POKE Decoder.io_dec_instr <- 0xf1aad51b
STEP 1 -> 114
Unknown operation
  POKE Decoder.io_dec_instr <- 0x6014c36a
STEP 1 -> 115
Unknown operation
  POKE Decoder.io_dec_instr <- 0x64fbf199
STEP 1 -> 116
Unknown operation
  POKE Decoder.io_dec_instr <- 0x71f5ce13
STEP 1 -> 117
Unknown operation
  POKE Decoder.io_dec_instr <- 0x45640659
STEP 1 -> 118
Unknown operation
  POKE Decoder.io_dec_instr <- 0x5d851f0e
STEP 1 -> 119
Unknown operation
  POKE Decoder.io_dec_instr <- 0xbd049c09
STEP 1 -> 120
Unknown operation
  POKE Decoder.io_dec_instr <- 0x16147b0
STEP 1 -> 121
Unknown operation
  POKE Decoder.io_dec_instr <- 0x6abdbc18
STEP 1 -> 122
Unknown operation
  POKE Decoder.io_dec_instr <- 0x499da381
STEP 1 -> 123
JAL operation
  POKE Decoder.io_dec_instr <- 0x3bcd506f
STEP 1 -> 124
Unknown operation
  POKE Decoder.io_dec_instr <- 0x7107ecca
STEP 1 -> 125
Unknown operation
  POKE Decoder.io_dec_instr <- 0xf7d6a1a4
STEP 1 -> 126
Unknown operation
  POKE Decoder.io_dec_instr <- 0x4dfbe6fd
STEP 1 -> 127
Unknown operation
  POKE Decoder.io_dec_instr <- 0xbaaee51c
STEP 1 -> 128
Unknown operation
  POKE Decoder.io_dec_instr <- 0xbb825d3
STEP 1 -> 129
Unknown operation
  POKE Decoder.io_dec_instr <- 0x897d3c04
STEP 1 -> 130
Unknown operation
  POKE Decoder.io_dec_instr <- 0x4926d644
STEP 1 -> 131
Unknown operation
  POKE Decoder.io_dec_instr <- 0x2d5ba508
STEP 1 -> 132
Unknown operation
  POKE Decoder.io_dec_instr <- 0x44ae16d3
STEP 1 -> 133
Unknown operation
  POKE Decoder.io_dec_instr <- 0xca37862a
STEP 1 -> 134
Unknown operation
  POKE Decoder.io_dec_instr <- 0xbb12eec1
STEP 1 -> 135
Unknown operation
  POKE Decoder.io_dec_instr <- 0xf398692b
STEP 1 -> 136
Unknown operation
  POKE Decoder.io_dec_instr <- 0x194e023
STEP 1 -> 137
Unknown operation
  POKE Decoder.io_dec_instr <- 0xc1ab9c65
STEP 1 -> 138
Unknown operation
  POKE Decoder.io_dec_instr <- 0x45ad76ed
STEP 1 -> 139
Unknown operation
  POKE Decoder.io_dec_instr <- 0x5d5d730a
STEP 1 -> 140
Unknown operation
  POKE Decoder.io_dec_instr <- 0x3954a774
STEP 1 -> 141
Unknown operation
  POKE Decoder.io_dec_instr <- 0x56232b19
STEP 1 -> 142
Unknown operation
  POKE Decoder.io_dec_instr <- 0xd3858f4
STEP 1 -> 143
Unknown operation
  POKE Decoder.io_dec_instr <- 0xff91dc94
STEP 1 -> 144
Unknown operation
  POKE Decoder.io_dec_instr <- 0x5dc9ad16
STEP 1 -> 145
Unknown operation
  POKE Decoder.io_dec_instr <- 0x5f4a94b2
STEP 1 -> 146
AUIPC operation
  POKE Decoder.io_dec_instr <- 0x4b68397
STEP 1 -> 147
Unknown operation
  POKE Decoder.io_dec_instr <- 0xa76db12e
STEP 1 -> 148
Unknown operation
  POKE Decoder.io_dec_instr <- 0x9580f177
STEP 1 -> 149
Unknown operation
  POKE Decoder.io_dec_instr <- 0xc5e802d6
STEP 1 -> 150
Unknown operation
  POKE Decoder.io_dec_instr <- 0xdc42f554
STEP 1 -> 151
Unknown operation
  POKE Decoder.io_dec_instr <- 0x86bc040b
STEP 1 -> 152
Unknown operation
  POKE Decoder.io_dec_instr <- 0x615b2ee9
STEP 1 -> 153
Unknown operation
  POKE Decoder.io_dec_instr <- 0xaf55d6d9
STEP 1 -> 154
Unknown operation
  POKE Decoder.io_dec_instr <- 0xc82ad5c3
STEP 1 -> 155
Unknown operation
  POKE Decoder.io_dec_instr <- 0x8cf797c1
STEP 1 -> 156
Unknown operation
  POKE Decoder.io_dec_instr <- 0x20bf2ba7
STEP 1 -> 157
Unknown operation
  POKE Decoder.io_dec_instr <- 0x104f2d75
STEP 1 -> 158
Unknown operation
  POKE Decoder.io_dec_instr <- 0x42454142
STEP 1 -> 159
Unknown operation
  POKE Decoder.io_dec_instr <- 0x8dd1eb19
STEP 1 -> 160
Unknown operation
  POKE Decoder.io_dec_instr <- 0x7a10a819
STEP 1 -> 161
Unknown operation
  POKE Decoder.io_dec_instr <- 0xa05469ba
STEP 1 -> 162
Unknown operation
  POKE Decoder.io_dec_instr <- 0xb189aad4
STEP 1 -> 163
Unknown operation
  POKE Decoder.io_dec_instr <- 0xae5dbf26
STEP 1 -> 164
Unknown operation
  POKE Decoder.io_dec_instr <- 0xfcb16d56
STEP 1 -> 165
Unknown operation
  POKE Decoder.io_dec_instr <- 0xa0d8fb43
STEP 1 -> 166
Unknown operation
  POKE Decoder.io_dec_instr <- 0x288ff846
STEP 1 -> 167
Unknown operation
  POKE Decoder.io_dec_instr <- 0xc4136a98
STEP 1 -> 168
Unknown operation
  POKE Decoder.io_dec_instr <- 0x22263feb
STEP 1 -> 169
Unknown operation
  POKE Decoder.io_dec_instr <- 0x50cad3aa
STEP 1 -> 170
Unknown operation
  POKE Decoder.io_dec_instr <- 0x28b3bc93
STEP 1 -> 171
Unknown operation
  POKE Decoder.io_dec_instr <- 0x9d768e51
STEP 1 -> 172
Unknown operation
  POKE Decoder.io_dec_instr <- 0xed51bada
STEP 1 -> 173
Unknown operation
  POKE Decoder.io_dec_instr <- 0xf9173f3d
STEP 1 -> 174
Unknown operation
  POKE Decoder.io_dec_instr <- 0x2f463489
STEP 1 -> 175
Unknown operation
  POKE Decoder.io_dec_instr <- 0x2889ff38
STEP 1 -> 176
Unknown operation
  POKE Decoder.io_dec_instr <- 0xd55356e5
STEP 1 -> 177
Unknown operation
  POKE Decoder.io_dec_instr <- 0xf8d814f1
STEP 1 -> 178
Unknown operation
  POKE Decoder.io_dec_instr <- 0x4ad0e9ab
STEP 1 -> 179
Unknown operation
  POKE Decoder.io_dec_instr <- 0xc0b7f94d
STEP 1 -> 180
Unknown operation
  POKE Decoder.io_dec_instr <- 0xfdb9220b
STEP 1 -> 181
Unknown operation
  POKE Decoder.io_dec_instr <- 0x30f7196
STEP 1 -> 182
Unknown operation
  POKE Decoder.io_dec_instr <- 0xba251f59
STEP 1 -> 183
Unknown operation
  POKE Decoder.io_dec_instr <- 0x99a1effe
STEP 1 -> 184
Unknown operation
  POKE Decoder.io_dec_instr <- 0x4b96eb53
STEP 1 -> 185
Unknown operation
  POKE Decoder.io_dec_instr <- 0x3b87724c
STEP 1 -> 186
Unknown operation
  POKE Decoder.io_dec_instr <- 0xb4126e2e
STEP 1 -> 187
Unknown operation
  POKE Decoder.io_dec_instr <- 0xcfac8fb8
STEP 1 -> 188
Unknown operation
  POKE Decoder.io_dec_instr <- 0x6fde6c7
STEP 1 -> 189
Unknown operation
  POKE Decoder.io_dec_instr <- 0x1fcea235
STEP 1 -> 190
Unknown operation
  POKE Decoder.io_dec_instr <- 0x9f6131a9
STEP 1 -> 191
Unknown operation
  POKE Decoder.io_dec_instr <- 0x8751c4c0
STEP 1 -> 192
Unknown operation
  POKE Decoder.io_dec_instr <- 0x67c0dc3
STEP 1 -> 193
Unknown operation
  POKE Decoder.io_dec_instr <- 0x33a10f6b
STEP 1 -> 194
Unknown operation
  POKE Decoder.io_dec_instr <- 0xcd53ac0e
STEP 1 -> 195
Unknown operation
  POKE Decoder.io_dec_instr <- 0x2a8bdb42
STEP 1 -> 196
JAL operation
  POKE Decoder.io_dec_instr <- 0xfefabf6f
STEP 1 -> 197
Unknown operation
  POKE Decoder.io_dec_instr <- 0x78993b34
STEP 1 -> 198
Unknown operation
  POKE Decoder.io_dec_instr <- 0xefbb048e
STEP 1 -> 199
Unknown operation
  POKE Decoder.io_dec_instr <- 0xd4a0caa
STEP 1 -> 200
Unknown operation
  POKE Decoder.io_dec_instr <- 0x61c86589
STEP 1 -> 201
Unknown operation
  POKE Decoder.io_dec_instr <- 0x7f035974
STEP 1 -> 202
Unknown operation
  POKE Decoder.io_dec_instr <- 0x24db83a5
STEP 1 -> 203
Unknown operation
  POKE Decoder.io_dec_instr <- 0xf0100e32
STEP 1 -> 204
JALR operation
  POKE Decoder.io_dec_instr <- 0x1d112167
STEP 1 -> 205
Unknown operation
  POKE Decoder.io_dec_instr <- 0xbc609362
STEP 1 -> 206
Unknown operation
  POKE Decoder.io_dec_instr <- 0x512db1c3
STEP 1 -> 207
Unknown operation
  POKE Decoder.io_dec_instr <- 0x2fe774bb
STEP 1 -> 208
Unknown operation
  POKE Decoder.io_dec_instr <- 0xc4c6c53c
STEP 1 -> 209
Unknown operation
  POKE Decoder.io_dec_instr <- 0x22cf417e
STEP 1 -> 210
Unknown operation
  POKE Decoder.io_dec_instr <- 0x3fc03c2e
STEP 1 -> 211
Unknown operation
  POKE Decoder.io_dec_instr <- 0x3de301e0
STEP 1 -> 212
Unknown operation
  POKE Decoder.io_dec_instr <- 0xd3389d99
STEP 1 -> 213
Unknown operation
  POKE Decoder.io_dec_instr <- 0x3e6850c2
STEP 1 -> 214
Unknown operation
  POKE Decoder.io_dec_instr <- 0x6fd8c426
STEP 1 -> 215
Unknown operation
  POKE Decoder.io_dec_instr <- 0xd3e12e48
STEP 1 -> 216
LUI operation
  POKE Decoder.io_dec_instr <- 0x459fcf37
STEP 1 -> 217
AUIPC operation
  POKE Decoder.io_dec_instr <- 0x61f14717
STEP 1 -> 218
Unknown operation
  POKE Decoder.io_dec_instr <- 0xbfaffc49
STEP 1 -> 219
Unknown operation
  POKE Decoder.io_dec_instr <- 0x793c853c
STEP 1 -> 220
Unknown operation
  POKE Decoder.io_dec_instr <- 0x51ed4cf3
STEP 1 -> 221
Unknown operation
  POKE Decoder.io_dec_instr <- 0x5e459b0a
STEP 1 -> 222
Unknown operation
  POKE Decoder.io_dec_instr <- 0x1b07b838
STEP 1 -> 223
Unknown operation
  POKE Decoder.io_dec_instr <- 0x4deda579
STEP 1 -> 224
Unknown operation
  POKE Decoder.io_dec_instr <- 0xc72aa19
STEP 1 -> 225
Unknown operation
  POKE Decoder.io_dec_instr <- 0x86d152bf
STEP 1 -> 226
Unknown operation
  POKE Decoder.io_dec_instr <- 0xaf1fd27b
STEP 1 -> 227
Unknown operation
  POKE Decoder.io_dec_instr <- 0xd68bfb46
STEP 1 -> 228
Unknown operation
  POKE Decoder.io_dec_instr <- 0xcdcf4ce4
STEP 1 -> 229
Unknown operation
  POKE Decoder.io_dec_instr <- 0x3ca21e25
STEP 1 -> 230
Unknown operation
  POKE Decoder.io_dec_instr <- 0xbe790ca1
STEP 1 -> 231
Unknown operation
  POKE Decoder.io_dec_instr <- 0x14d787c7
STEP 1 -> 232
Unknown operation
  POKE Decoder.io_dec_instr <- 0x81fc545
STEP 1 -> 233
Unknown operation
  POKE Decoder.io_dec_instr <- 0x3033606b
STEP 1 -> 234
Unknown operation
  POKE Decoder.io_dec_instr <- 0x44234dab
STEP 1 -> 235
Unknown operation
  POKE Decoder.io_dec_instr <- 0x98474993
STEP 1 -> 236
BLT operation
  POKE Decoder.io_dec_instr <- 0x6054be3
STEP 1 -> 237
Unknown operation
  POKE Decoder.io_dec_instr <- 0x36cdcb2
STEP 1 -> 238
Unknown operation
  POKE Decoder.io_dec_instr <- 0xa46e2aa
STEP 1 -> 239
Unknown operation
  POKE Decoder.io_dec_instr <- 0x35bd1a85
STEP 1 -> 240
Unknown operation
  POKE Decoder.io_dec_instr <- 0x12f7ad63
STEP 1 -> 241
Unknown operation
  POKE Decoder.io_dec_instr <- 0xe892fa03
STEP 1 -> 242
Unknown operation
  POKE Decoder.io_dec_instr <- 0x706ea5a7
STEP 1 -> 243
Unknown operation
  POKE Decoder.io_dec_instr <- 0xa63916cf
STEP 1 -> 244
Unknown operation
  POKE Decoder.io_dec_instr <- 0x9ab425e8
STEP 1 -> 245
Unknown operation
  POKE Decoder.io_dec_instr <- 0x7362d282
STEP 1 -> 246
Unknown operation
  POKE Decoder.io_dec_instr <- 0xc6132ec2
STEP 1 -> 247
Unknown operation
  POKE Decoder.io_dec_instr <- 0xa773e154
STEP 1 -> 248
Unknown operation
  POKE Decoder.io_dec_instr <- 0x79bff0dd
STEP 1 -> 249
Unknown operation
  POKE Decoder.io_dec_instr <- 0xae8381e4
STEP 1 -> 250
Unknown operation
  POKE Decoder.io_dec_instr <- 0x2345739d
STEP 1 -> 251
Unknown operation
  POKE Decoder.io_dec_instr <- 0x2fe85935
STEP 1 -> 252
Unknown operation
  POKE Decoder.io_dec_instr <- 0x9b1d90f1
STEP 1 -> 253
Unknown operation
  POKE Decoder.io_dec_instr <- 0xfc19671d
STEP 1 -> 254
Unknown operation
  POKE Decoder.io_dec_instr <- 0xfe5978fa
STEP 1 -> 255
Unknown operation
  POKE Decoder.io_dec_instr <- 0x7f4a94ac
STEP 1 -> 256
BNE operation
  POKE Decoder.io_dec_instr <- 0xf3c01463
STEP 1 -> 257
Unknown operation
  POKE Decoder.io_dec_instr <- 0x9bdf4d5e
STEP 1 -> 258
Unknown operation
  POKE Decoder.io_dec_instr <- 0x3857faa2
STEP 1 -> 259
Unknown operation
  POKE Decoder.io_dec_instr <- 0x5f33519
STEP 1 -> 260
Unknown operation
  POKE Decoder.io_dec_instr <- 0x5337d97f
STEP 1 -> 261
Unknown operation
  POKE Decoder.io_dec_instr <- 0x5ef4b03e
STEP 1 -> 262
Unknown operation
  POKE Decoder.io_dec_instr <- 0xf5082d88
STEP 1 -> 263
Unknown operation
  POKE Decoder.io_dec_instr <- 0x56a3685a
STEP 1 -> 264
JALR operation
  POKE Decoder.io_dec_instr <- 0x7ec89767
STEP 1 -> 265
Unknown operation
  POKE Decoder.io_dec_instr <- 0x8cf8f36
STEP 1 -> 266
Unknown operation
  POKE Decoder.io_dec_instr <- 0xacd1002e
STEP 1 -> 267
Unknown operation
  POKE Decoder.io_dec_instr <- 0x37772b5f
STEP 1 -> 268
TO DO Maybe check the Decoder ?
DecoderTest: passed 
RAN 268 CYCLES PASSED
[0m[[32msuccess[0m] [0mTotal time: 36 s, completed Sep 9, 2016 10:01:36 AM[0m
